<?xml version="1.0" encoding="UTF-8"?>
<!-- Generated by org.testng.reporters.JUnitXMLReporter -->
<testsuite ignored="0" hostname="SravanKumar" failures="3" tests="4" name="EdgeTest1" time="542.142" errors="0" timestamp="2023-04-04T10:21:40 IST">
  <testcase classname="testCases.MyFirstTest1DataDriven" name="LoginTest" time="4.103">
    <failure type="org.openqa.selenium.StaleElementReferenceException" message="stale element reference: element is not attached to the page document
  (Session info: MicrosoftEdge=111.0.1661.62)
For documentation on this error, please visit: https://selenium.dev/exceptions/#stale_element_reference
Build info: version: &amp;apos;4.8.0&amp;apos;, revision: &amp;apos;267030adea&amp;apos;
System info: os.name: &amp;apos;Windows 11&amp;apos;, os.arch: &amp;apos;amd64&amp;apos;, os.version: &amp;apos;10.0&amp;apos;, java.version: &amp;apos;17.0.5&amp;apos;
Driver info: org.openqa.selenium.edge.EdgeDriver
Command: [e6b413851fcedd80be0c955d125f9bf1, sendKeysToElement {id=55ca3e02-44fd-4fe9-9a6f-afad8873ba65, value=[Ljava.lang.CharSequence;@39f72b2c}]
Capabilities {acceptInsecureCerts: false, browserName: msedge, browserVersion: 111.0.1661.62, ms:edgeOptions: {debuggerAddress: localhost:57004}, msedge: {msedgedriverVersion: 111.0.1661.62 (0a8f453929e6..., userDataDir: C:\Users\annam\AppData\Loca...}, networkConnectionEnabled: false, pageLoadStrategy: normal, platformName: WINDOWS, proxy: Proxy(), se:cdp: ws://localhost:57004/devtoo..., se:cdpVersion: 111.0.1661.62, setWindowRect: true, strictFileInteractability: false, timeouts: {implicit: 0, pageLoad: 300000, script: 30000}, unhandledPromptBehavior: dismiss and notify, webauthn:extension:credBlob: true, webauthn:extension:largeBlob: true, webauthn:extension:minPinLength: true, webauthn:extension:prf: true, webauthn:virtualAuthenticators: true}
Element: [[EdgeDriver: msedge on WINDOWS (e6b413851fcedd80be0c955d125f9bf1)] -&amp;gt; id: password]
Session ID: e6b413851fcedd80be0c955d125f9bf1">
      <![CDATA[org.openqa.selenium.StaleElementReferenceException: stale element reference: element is not attached to the page document
  (Session info: MicrosoftEdge=111.0.1661.62)
For documentation on this error, please visit: https://selenium.dev/exceptions/#stale_element_reference
Build info: version: '4.8.0', revision: '267030adea'
System info: os.name: 'Windows 11', os.arch: 'amd64', os.version: '10.0', java.version: '17.0.5'
Driver info: org.openqa.selenium.edge.EdgeDriver
Command: [e6b413851fcedd80be0c955d125f9bf1, sendKeysToElement {id=55ca3e02-44fd-4fe9-9a6f-afad8873ba65, value=[Ljava.lang.CharSequence;@39f72b2c}]
Capabilities {acceptInsecureCerts: false, browserName: msedge, browserVersion: 111.0.1661.62, ms:edgeOptions: {debuggerAddress: localhost:57004}, msedge: {msedgedriverVersion: 111.0.1661.62 (0a8f453929e6..., userDataDir: C:\Users\annam\AppData\Loca...}, networkConnectionEnabled: false, pageLoadStrategy: normal, platformName: WINDOWS, proxy: Proxy(), se:cdp: ws://localhost:57004/devtoo..., se:cdpVersion: 111.0.1661.62, setWindowRect: true, strictFileInteractability: false, timeouts: {implicit: 0, pageLoad: 300000, script: 30000}, unhandledPromptBehavior: dismiss and notify, webauthn:extension:credBlob: true, webauthn:extension:largeBlob: true, webauthn:extension:minPinLength: true, webauthn:extension:prf: true, webauthn:virtualAuthenticators: true}
Element: [[EdgeDriver: msedge on WINDOWS (e6b413851fcedd80be0c955d125f9bf1)] -> id: password]
Session ID: e6b413851fcedd80be0c955d125f9bf1
at org.openqa.selenium.remote.codec.w3c.W3CHttpResponseCodec.createException(W3CHttpResponseCodec.java:200)
at org.openqa.selenium.remote.codec.w3c.W3CHttpResponseCodec.decode(W3CHttpResponseCodec.java:133)
at org.openqa.selenium.remote.codec.w3c.W3CHttpResponseCodec.decode(W3CHttpResponseCodec.java:53)
at org.openqa.selenium.remote.HttpCommandExecutor.execute(HttpCommandExecutor.java:184)
at org.openqa.selenium.remote.service.DriverCommandExecutor.invokeExecute(DriverCommandExecutor.java:167)
at org.openqa.selenium.remote.service.DriverCommandExecutor.execute(DriverCommandExecutor.java:142)
at org.openqa.selenium.remote.RemoteWebDriver.execute(RemoteWebDriver.java:543)
at org.openqa.selenium.remote.RemoteWebElement.execute(RemoteWebElement.java:257)
at org.openqa.selenium.remote.RemoteWebElement.sendKeys(RemoteWebElement.java:113)
at testCases.MyFirstTest1DataDriven.LoginTest(MyFirstTest1DataDriven.java:19)
at java.base/java.util.concurrent.ThreadPoolExecutor.runWorker(ThreadPoolExecutor.java:1136)
at java.base/java.util.concurrent.ThreadPoolExecutor$Worker.run(ThreadPoolExecutor.java:635)
at java.base/java.lang.Thread.run(Thread.java:833)
... Removed 17 stack frames]]>
    </failure>
  </testcase> <!-- LoginTest -->
  <testcase classname="testCases.MyFirstTest1DataDriven" name="LoginTest" time="3.374"/>
  <testcase classname="testCases.MyFirstTest1DataDriven" name="LoginTest" time="6.477">
    <failure type="org.openqa.selenium.StaleElementReferenceException" message="stale element reference: element is not attached to the page document
  (Session info: MicrosoftEdge=111.0.1661.62)
For documentation on this error, please visit: https://selenium.dev/exceptions/#stale_element_reference
Build info: version: &amp;apos;4.8.0&amp;apos;, revision: &amp;apos;267030adea&amp;apos;
System info: os.name: &amp;apos;Windows 11&amp;apos;, os.arch: &amp;apos;amd64&amp;apos;, os.version: &amp;apos;10.0&amp;apos;, java.version: &amp;apos;17.0.5&amp;apos;
Driver info: org.openqa.selenium.edge.EdgeDriver
Command: [be8a418b29a7cb13e2a4338176d61141, sendKeysToElement {id=38fa2e73-cd02-49bf-96d5-10fb635146c9, value=[Ljava.lang.CharSequence;@c416693}]
Capabilities {acceptInsecureCerts: false, browserName: msedge, browserVersion: 111.0.1661.62, ms:edgeOptions: {debuggerAddress: localhost:58497}, msedge: {msedgedriverVersion: 111.0.1661.62 (0a8f453929e6..., userDataDir: C:\Users\annam\AppData\Loca...}, networkConnectionEnabled: false, pageLoadStrategy: normal, platformName: WINDOWS, proxy: Proxy(), se:cdp: ws://localhost:58497/devtoo..., se:cdpVersion: 111.0.1661.62, setWindowRect: true, strictFileInteractability: false, timeouts: {implicit: 0, pageLoad: 300000, script: 30000}, unhandledPromptBehavior: dismiss and notify, webauthn:extension:credBlob: true, webauthn:extension:largeBlob: true, webauthn:extension:minPinLength: true, webauthn:extension:prf: true, webauthn:virtualAuthenticators: true}
Element: [[EdgeDriver: msedge on WINDOWS (be8a418b29a7cb13e2a4338176d61141)] -&amp;gt; id: password]
Session ID: be8a418b29a7cb13e2a4338176d61141">
      <![CDATA[org.openqa.selenium.StaleElementReferenceException: stale element reference: element is not attached to the page document
  (Session info: MicrosoftEdge=111.0.1661.62)
For documentation on this error, please visit: https://selenium.dev/exceptions/#stale_element_reference
Build info: version: '4.8.0', revision: '267030adea'
System info: os.name: 'Windows 11', os.arch: 'amd64', os.version: '10.0', java.version: '17.0.5'
Driver info: org.openqa.selenium.edge.EdgeDriver
Command: [be8a418b29a7cb13e2a4338176d61141, sendKeysToElement {id=38fa2e73-cd02-49bf-96d5-10fb635146c9, value=[Ljava.lang.CharSequence;@c416693}]
Capabilities {acceptInsecureCerts: false, browserName: msedge, browserVersion: 111.0.1661.62, ms:edgeOptions: {debuggerAddress: localhost:58497}, msedge: {msedgedriverVersion: 111.0.1661.62 (0a8f453929e6..., userDataDir: C:\Users\annam\AppData\Loca...}, networkConnectionEnabled: false, pageLoadStrategy: normal, platformName: WINDOWS, proxy: Proxy(), se:cdp: ws://localhost:58497/devtoo..., se:cdpVersion: 111.0.1661.62, setWindowRect: true, strictFileInteractability: false, timeouts: {implicit: 0, pageLoad: 300000, script: 30000}, unhandledPromptBehavior: dismiss and notify, webauthn:extension:credBlob: true, webauthn:extension:largeBlob: true, webauthn:extension:minPinLength: true, webauthn:extension:prf: true, webauthn:virtualAuthenticators: true}
Element: [[EdgeDriver: msedge on WINDOWS (be8a418b29a7cb13e2a4338176d61141)] -> id: password]
Session ID: be8a418b29a7cb13e2a4338176d61141
at org.openqa.selenium.remote.codec.w3c.W3CHttpResponseCodec.createException(W3CHttpResponseCodec.java:200)
at org.openqa.selenium.remote.codec.w3c.W3CHttpResponseCodec.decode(W3CHttpResponseCodec.java:133)
at org.openqa.selenium.remote.codec.w3c.W3CHttpResponseCodec.decode(W3CHttpResponseCodec.java:53)
at org.openqa.selenium.remote.HttpCommandExecutor.execute(HttpCommandExecutor.java:184)
at org.openqa.selenium.remote.service.DriverCommandExecutor.invokeExecute(DriverCommandExecutor.java:167)
at org.openqa.selenium.remote.service.DriverCommandExecutor.execute(DriverCommandExecutor.java:142)
at org.openqa.selenium.remote.RemoteWebDriver.execute(RemoteWebDriver.java:543)
at org.openqa.selenium.remote.RemoteWebElement.execute(RemoteWebElement.java:257)
at org.openqa.selenium.remote.RemoteWebElement.sendKeys(RemoteWebElement.java:113)
at testCases.MyFirstTest1DataDriven.LoginTest(MyFirstTest1DataDriven.java:19)
at java.base/java.util.concurrent.ThreadPoolExecutor.runWorker(ThreadPoolExecutor.java:1136)
at java.base/java.util.concurrent.ThreadPoolExecutor$Worker.run(ThreadPoolExecutor.java:635)
at java.base/java.lang.Thread.run(Thread.java:833)
... Removed 17 stack frames]]>
    </failure>
  </testcase> <!-- LoginTest -->
  <testcase classname="testCases.MyFirstTest1DataDriven" name="LoginTest" time="42.822">
    <failure type="org.openqa.selenium.ElementNotInteractableException" message="element not interactable
  (Session info: MicrosoftEdge=111.0.1661.62)
Build info: version: &amp;apos;4.8.0&amp;apos;, revision: &amp;apos;267030adea&amp;apos;
System info: os.name: &amp;apos;Windows 11&amp;apos;, os.arch: &amp;apos;amd64&amp;apos;, os.version: &amp;apos;10.0&amp;apos;, java.version: &amp;apos;17.0.5&amp;apos;
Driver info: org.openqa.selenium.edge.EdgeDriver
Command: [a78b76700045c97c23c2fb92d3a777b8, sendKeysToElement {id=0b65aaba-2f66-4f83-8508-c76e5519de1f, value=[Ljava.lang.CharSequence;@4fb1d86c}]
Capabilities {acceptInsecureCerts: false, browserName: msedge, browserVersion: 111.0.1661.62, ms:edgeOptions: {debuggerAddress: localhost:59511}, msedge: {msedgedriverVersion: 111.0.1661.62 (0a8f453929e6..., userDataDir: C:\Users\annam\AppData\Loca...}, networkConnectionEnabled: false, pageLoadStrategy: normal, platformName: WINDOWS, proxy: Proxy(), se:cdp: ws://localhost:59511/devtoo..., se:cdpVersion: 111.0.1661.62, setWindowRect: true, strictFileInteractability: false, timeouts: {implicit: 0, pageLoad: 300000, script: 30000}, unhandledPromptBehavior: dismiss and notify, webauthn:extension:credBlob: true, webauthn:extension:largeBlob: true, webauthn:extension:minPinLength: true, webauthn:extension:prf: true, webauthn:virtualAuthenticators: true}
Element: [[EdgeDriver: msedge on WINDOWS (a78b76700045c97c23c2fb92d3a777b8)] -&amp;gt; xpath: //input[@id=&amp;apos;login_id&amp;apos;]]
Session ID: a78b76700045c97c23c2fb92d3a777b8">
      <![CDATA[org.openqa.selenium.ElementNotInteractableException: element not interactable
  (Session info: MicrosoftEdge=111.0.1661.62)
Build info: version: '4.8.0', revision: '267030adea'
System info: os.name: 'Windows 11', os.arch: 'amd64', os.version: '10.0', java.version: '17.0.5'
Driver info: org.openqa.selenium.edge.EdgeDriver
Command: [a78b76700045c97c23c2fb92d3a777b8, sendKeysToElement {id=0b65aaba-2f66-4f83-8508-c76e5519de1f, value=[Ljava.lang.CharSequence;@4fb1d86c}]
Capabilities {acceptInsecureCerts: false, browserName: msedge, browserVersion: 111.0.1661.62, ms:edgeOptions: {debuggerAddress: localhost:59511}, msedge: {msedgedriverVersion: 111.0.1661.62 (0a8f453929e6..., userDataDir: C:\Users\annam\AppData\Loca...}, networkConnectionEnabled: false, pageLoadStrategy: normal, platformName: WINDOWS, proxy: Proxy(), se:cdp: ws://localhost:59511/devtoo..., se:cdpVersion: 111.0.1661.62, setWindowRect: true, strictFileInteractability: false, timeouts: {implicit: 0, pageLoad: 300000, script: 30000}, unhandledPromptBehavior: dismiss and notify, webauthn:extension:credBlob: true, webauthn:extension:largeBlob: true, webauthn:extension:minPinLength: true, webauthn:extension:prf: true, webauthn:virtualAuthenticators: true}
Element: [[EdgeDriver: msedge on WINDOWS (a78b76700045c97c23c2fb92d3a777b8)] -> xpath: //input[@id='login_id']]
Session ID: a78b76700045c97c23c2fb92d3a777b8
at org.openqa.selenium.remote.codec.w3c.W3CHttpResponseCodec.createException(W3CHttpResponseCodec.java:200)
at org.openqa.selenium.remote.codec.w3c.W3CHttpResponseCodec.decode(W3CHttpResponseCodec.java:133)
at org.openqa.selenium.remote.codec.w3c.W3CHttpResponseCodec.decode(W3CHttpResponseCodec.java:53)
at org.openqa.selenium.remote.HttpCommandExecutor.execute(HttpCommandExecutor.java:184)
at org.openqa.selenium.remote.service.DriverCommandExecutor.invokeExecute(DriverCommandExecutor.java:167)
at org.openqa.selenium.remote.service.DriverCommandExecutor.execute(DriverCommandExecutor.java:142)
at org.openqa.selenium.remote.RemoteWebDriver.execute(RemoteWebDriver.java:543)
at org.openqa.selenium.remote.RemoteWebElement.execute(RemoteWebElement.java:257)
at org.openqa.selenium.remote.RemoteWebElement.sendKeys(RemoteWebElement.java:113)
at testCases.MyFirstTest1DataDriven.LoginTest(MyFirstTest1DataDriven.java:16)
at java.base/java.util.concurrent.ThreadPoolExecutor.runWorker(ThreadPoolExecutor.java:1136)
at java.base/java.util.concurrent.ThreadPoolExecutor$Worker.run(ThreadPoolExecutor.java:635)
at java.base/java.lang.Thread.run(Thread.java:833)
... Removed 17 stack frames]]>
    </failure>
  </testcase> <!-- LoginTest -->
</testsuite> <!-- EdgeTest1 -->
